c:\computer science and maths\computer science\algorithms (stanford)\git\algorithms---lagunita-course\book\c and c++\x64\debug\vc142.pdb
c:\computer science and maths\computer science\algorithms (stanford)\git\algorithms---lagunita-course\book\c and c++\x64\debug\vc142.idb
c:\computer science and maths\computer science\algorithms (stanford)\git\algorithms---lagunita-course\book\c and c++\x64\debug\recintmult.obj
c:\computer science and maths\computer science\algorithms (stanford)\git\algorithms---lagunita-course\book\c and c++\x64\debug\c and c++.pdb
c:\computer science and maths\computer science\algorithms (stanford)\git\algorithms---lagunita-course\book\c and c++\x64\debug\c and c++.tlog\cl.command.1.tlog
c:\computer science and maths\computer science\algorithms (stanford)\git\algorithms---lagunita-course\book\c and c++\x64\debug\c and c++.tlog\cl.read.1.tlog
c:\computer science and maths\computer science\algorithms (stanford)\git\algorithms---lagunita-course\book\c and c++\x64\debug\c and c++.tlog\cl.write.1.tlog
c:\computer science and maths\computer science\algorithms (stanford)\git\algorithms---lagunita-course\book\c and c++\x64\debug\c and c++.tlog\link-cvtres.read.1.tlog
c:\computer science and maths\computer science\algorithms (stanford)\git\algorithms---lagunita-course\book\c and c++\x64\debug\c and c++.tlog\link-cvtres.write.1.tlog
c:\computer science and maths\computer science\algorithms (stanford)\git\algorithms---lagunita-course\book\c and c++\x64\debug\c and c++.tlog\link-rc.read.1.tlog
c:\computer science and maths\computer science\algorithms (stanford)\git\algorithms---lagunita-course\book\c and c++\x64\debug\c and c++.tlog\link-rc.write.1.tlog
c:\computer science and maths\computer science\algorithms (stanford)\git\algorithms---lagunita-course\book\c and c++\x64\debug\c and c++.tlog\link.14980-cvtres.read.1.tlog
c:\computer science and maths\computer science\algorithms (stanford)\git\algorithms---lagunita-course\book\c and c++\x64\debug\c and c++.tlog\link.14980-cvtres.write.1.tlog
c:\computer science and maths\computer science\algorithms (stanford)\git\algorithms---lagunita-course\book\c and c++\x64\debug\c and c++.tlog\link.14980-rc.read.1.tlog
c:\computer science and maths\computer science\algorithms (stanford)\git\algorithms---lagunita-course\book\c and c++\x64\debug\c and c++.tlog\link.14980-rc.write.1.tlog
c:\computer science and maths\computer science\algorithms (stanford)\git\algorithms---lagunita-course\book\c and c++\x64\debug\c and c++.tlog\link.14980.read.1.tlog
c:\computer science and maths\computer science\algorithms (stanford)\git\algorithms---lagunita-course\book\c and c++\x64\debug\c and c++.tlog\link.14980.write.1.tlog
c:\computer science and maths\computer science\algorithms (stanford)\git\algorithms---lagunita-course\book\c and c++\x64\debug\c and c++.tlog\link.command.1.tlog
c:\computer science and maths\computer science\algorithms (stanford)\git\algorithms---lagunita-course\book\c and c++\x64\debug\c and c++.tlog\link.read.1.tlog
c:\computer science and maths\computer science\algorithms (stanford)\git\algorithms---lagunita-course\book\c and c++\x64\debug\c and c++.tlog\link.write.1.tlog
